<?xml version="1.0" encoding="UTF-8"?>
<testng-results skipped="0" failed="0" total="0" passed="0">
  <reporter-output>
  </reporter-output>
  <suite name="com.example.MavenDemo.AppTest" duration-ms="7" started-at="2017-09-26T09:47:29Z" finished-at="2017-09-26T09:47:29Z">
    <groups>
    </groups>
    <test name="Command line test" duration-ms="7" started-at="2017-09-26T09:47:29Z" finished-at="2017-09-26T09:47:29Z">
    </test> <!-- Command line test -->
  </suite> <!-- com.example.MavenDemo.AppTest -->
</testng-results>
